1503847327612	geckodriver	INFO	geckodriver 0.18.0
1503847327619	geckodriver	INFO	Listening on 127.0.0.1:64278
1503847328711	geckodriver::marionette	INFO	Starting browser /Applications/Firefox.app/Contents/MacOS/firefox-bin with args ["-marionette"]
1503847329137	addons.xpi	WARN	Error parsing extensions state: [Exception... "Component returned failure code: 0x80520012 (NS_ERROR_FILE_NOT_FOUND) [amIAddonManagerStartup.readStartupData]"  nsresult: "0x80520012 (NS_ERROR_FILE_NOT_FOUND)"  location: "JS frame :: resource://gre/modules/addons/XPIProvider.jsm :: loadExtensionState :: line 1596"  data: no] Stack trace: loadExtensionState()@resource://gre/modules/addons/XPIProvider.jsm:1596 < getInstallState()@resource://gre/modules/addons/XPIProvider.jsm:1631 < checkForChanges()@resource://gre/modules/addons/XPIProvider.jsm:3152 < startup()@resource://gre/modules/addons/XPIProvider.jsm:2246 < callProvider()@resource://gre/modules/AddonManager.jsm:271 < _startProvider()@resource://gre/modules/AddonManager.jsm:741 < startup()@resource://gre/modules/AddonManager.jsm:908 < startup()@resource://gre/modules/AddonManager.jsm:3122 < observe()@jar:file:///Applications/Firefox.app/Contents/Resources/omni.ja!/components/addonManager.js:65
1503847329474	Marionette	INFO	Enabled via --marionette
2017-08-27 17:22:10.698 plugin-container[19079:8516441] *** CFMessagePort: bootstrap_register(): failed 1100 (0x44c) 'Permission denied', port = 0x9e33, name = 'com.apple.tsm.portname'
See /usr/include/servers/bootstrap_defs.h for the error codes.
2017-08-27 17:22:10.699 plugin-container[19079:8516441] *** CFMessagePort: bootstrap_register(): failed 1100 (0x44c) 'Permission denied', port = 0xa103, name = 'com.apple.CFPasteboardClient'
See /usr/include/servers/bootstrap_defs.h for the error codes.
1503847331061	Marionette	INFO	Listening on port 64287
JavaScript error: chrome://marionette/content/server.js, line 337: NS_ERROR_SOCKET_ADDRESS_IN_USE: Component returned failure code: 0x804b0036 (NS_ERROR_SOCKET_ADDRESS_IN_USE) [nsIServerSocket.initSpecialConnection]
1503847331148	Marionette	WARN	TLS certificate errors will be ignored for this session
1503847331182	Marionette	DEBUG	loaded listener.js
1503847331198	Marionette	DEBUG	Received DOM event "beforeunload" for "about:blank"
1503847332210	Marionette	DEBUG	Received DOM event "pagehide" for "about:blank"
1503847332211	Marionette	DEBUG	Received DOM event "unload" for "about:blank"
1503847332902	Marionette	DEBUG	Received DOM event "pageshow" for "https://h5p.org/drag-the-words"
1503847332908	Marionette	DEBUG	Received DOM event "DOMContentLoaded" for "https://h5p.org/drag-the-words"
1503847332954	Marionette	DEBUG	Received DOM event "DOMContentLoaded" for "https://h5p.org/drag-the-words"
1503847333257	Marionette	DEBUG	Received DOM event "pageshow" for "https://h5p.org/drag-the-words"
1503847333375	Marionette	DEBUG	Received DOM event "pageshow" for "https://h5p.org/drag-the-words"
1503847333385	Marionette	DEBUG	Received DOM event "DOMContentLoaded" for "https://vars.hotjar.com/rcj-99d43ead6bdf30da8ed5ffcb4f17100c.html"
1503847333387	Marionette	DEBUG	Received DOM event "pageshow" for "https://vars.hotjar.com/rcj-99d43ead6bdf30da8ed5ffcb4f17100c.html"
1503847333433	Marionette	DEBUG	Received DOM event "DOMContentLoaded" for "https://staticxx.facebook.com/connect/xd_arbiter/r/0sTQzbapM8j.js?version=42#channel=f1477ead003bef4&origin=https%3A%2F%2Fh5p.org"
1503847333434	Marionette	DEBUG	Received DOM event "pageshow" for "https://staticxx.facebook.com/connect/xd_arbiter/r/0sTQzbapM8j.js?version=42#channel=f1477ead003bef4&origin=https%3A%2F%2Fh5p.org"
1503847333704	Marionette	DEBUG	Received DOM event "DOMContentLoaded" for "https://platform.twitter.com/widgets/tweet_button.f8c8d971a6ac545cf416e3c1ad4bbc65.en.html#dnt=false&id=twitter-widget-0&lang=en&original_referer=https%3A%2F%2Fh5p.org%2Fdrag-the-words&size=m&text=Drag%20the%20Words%20%7C%20H5P&time=1503847333368&type=share&url=https%3A%2F%2Fh5p.org%2Fdrag-the-words"
1503847333705	Marionette	DEBUG	Received DOM event "pageshow" for "https://platform.twitter.com/widgets/tweet_button.f8c8d971a6ac545cf416e3c1ad4bbc65.en.html#dnt=false&id=twitter-widget-0&lang=en&original_referer=https%3A%2F%2Fh5p.org%2Fdrag-the-words&size=m&text=Drag%20the%20Words%20%7C%20H5P&time=1503847333368&type=share&url=https%3A%2F%2Fh5p.org%2Fdrag-the-words"
1503847333957	Marionette	DEBUG	Received DOM event "DOMContentLoaded" for "https://h5p.org/drag-the-words"
1503847334055	Marionette	DEBUG	Received DOM event "pageshow" for "https://h5p.org/drag-the-words"
1503847334400	Marionette	DEBUG	Received DOM event "pageshow" for "https://h5p.org/drag-the-words"
1503847334446	Marionette	DEBUG	Received DOM event "pageshow" for "https://h5p.org/drag-the-words"
1503847336789	Marionette	DEBUG	Canceled page load listener because no navigation has been detected
1503847336792	Marionette	INFO	New connections will no longer be accepted
1503847541869	geckodriver	INFO	geckodriver 0.18.0
1503847541875	geckodriver	INFO	Listening on 127.0.0.1:64432
1503847542937	geckodriver::marionette	INFO	Starting browser /Applications/Firefox.app/Contents/MacOS/firefox-bin with args ["-marionette"]
1503847543278	addons.xpi	WARN	Error parsing extensions state: [Exception... "Component returned failure code: 0x80520012 (NS_ERROR_FILE_NOT_FOUND) [amIAddonManagerStartup.readStartupData]"  nsresult: "0x80520012 (NS_ERROR_FILE_NOT_FOUND)"  location: "JS frame :: resource://gre/modules/addons/XPIProvider.jsm :: loadExtensionState :: line 1596"  data: no] Stack trace: loadExtensionState()@resource://gre/modules/addons/XPIProvider.jsm:1596 < getInstallState()@resource://gre/modules/addons/XPIProvider.jsm:1631 < checkForChanges()@resource://gre/modules/addons/XPIProvider.jsm:3152 < startup()@resource://gre/modules/addons/XPIProvider.jsm:2246 < callProvider()@resource://gre/modules/AddonManager.jsm:271 < _startProvider()@resource://gre/modules/AddonManager.jsm:741 < startup()@resource://gre/modules/AddonManager.jsm:908 < startup()@resource://gre/modules/AddonManager.jsm:3122 < observe()@jar:file:///Applications/Firefox.app/Contents/Resources/omni.ja!/components/addonManager.js:65
1503847543614	Marionette	INFO	Enabled via --marionette
2017-08-27 17:25:44.784 plugin-container[19175:8519642] *** CFMessagePort: bootstrap_register(): failed 1100 (0x44c) 'Permission denied', port = 0x9f2b, name = 'com.apple.tsm.portname'
See /usr/include/servers/bootstrap_defs.h for the error codes.
2017-08-27 17:25:44.786 plugin-container[19175:8519642] *** CFMessagePort: bootstrap_register(): failed 1100 (0x44c) 'Permission denied', port = 0xa407, name = 'com.apple.CFPasteboardClient'
See /usr/include/servers/bootstrap_defs.h for the error codes.
1503847545175	Marionette	INFO	Listening on port 64441
JavaScript error: chrome://marionette/content/server.js, line 337: NS_ERROR_SOCKET_ADDRESS_IN_USE: Component returned failure code: 0x804b0036 (NS_ERROR_SOCKET_ADDRESS_IN_USE) [nsIServerSocket.initSpecialConnection]
1503847545258	Marionette	WARN	TLS certificate errors will be ignored for this session
1503847545293	Marionette	DEBUG	loaded listener.js
1503847545307	Marionette	DEBUG	Received DOM event "beforeunload" for "about:blank"
1503847545744	Marionette	DEBUG	Received DOM event "pagehide" for "about:blank"
1503847545745	Marionette	DEBUG	Received DOM event "unload" for "about:blank"
1503847546396	Marionette	DEBUG	Received DOM event "pageshow" for "https://h5p.org/drag-the-words"
1503847546401	Marionette	DEBUG	Received DOM event "DOMContentLoaded" for "https://h5p.org/drag-the-words"
1503847546446	Marionette	DEBUG	Received DOM event "DOMContentLoaded" for "https://h5p.org/drag-the-words"
1503847546763	Marionette	DEBUG	Received DOM event "pageshow" for "https://h5p.org/drag-the-words"
1503847546812	Marionette	DEBUG	Received DOM event "DOMContentLoaded" for "https://vars.hotjar.com/rcj-99d43ead6bdf30da8ed5ffcb4f17100c.html"
1503847546840	Marionette	DEBUG	Received DOM event "pageshow" for "https://vars.hotjar.com/rcj-99d43ead6bdf30da8ed5ffcb4f17100c.html"
1503847546904	Marionette	DEBUG	Received DOM event "DOMContentLoaded" for "https://staticxx.facebook.com/connect/xd_arbiter/r/0sTQzbapM8j.js?version=42#channel=f811751d1ad2f&origin=https%3A%2F%2Fh5p.org"
1503847546906	Marionette	DEBUG	Received DOM event "pageshow" for "https://staticxx.facebook.com/connect/xd_arbiter/r/0sTQzbapM8j.js?version=42#channel=f811751d1ad2f&origin=https%3A%2F%2Fh5p.org"
1503847547054	Marionette	DEBUG	Received DOM event "pageshow" for "https://h5p.org/drag-the-words"
1503847547216	Marionette	DEBUG	Received DOM event "DOMContentLoaded" for "https://h5p.org/drag-the-words"
1503847547286	Marionette	DEBUG	Received DOM event "DOMContentLoaded" for "https://platform.twitter.com/widgets/tweet_button.f8c8d971a6ac545cf416e3c1ad4bbc65.en.html#dnt=false&id=twitter-widget-0&lang=en&original_referer=https%3A%2F%2Fh5p.org%2Fdrag-the-words&size=m&text=Drag%20the%20Words%20%7C%20H5P&time=1503847547046&type=share&url=https%3A%2F%2Fh5p.org%2Fdrag-the-words"
1503847547290	Marionette	DEBUG	Received DOM event "pageshow" for "https://platform.twitter.com/widgets/tweet_button.f8c8d971a6ac545cf416e3c1ad4bbc65.en.html#dnt=false&id=twitter-widget-0&lang=en&original_referer=https%3A%2F%2Fh5p.org%2Fdrag-the-words&size=m&text=Drag%20the%20Words%20%7C%20H5P&time=1503847547046&type=share&url=https%3A%2F%2Fh5p.org%2Fdrag-the-words"
1503847547397	Marionette	DEBUG	Received DOM event "pageshow" for "https://h5p.org/drag-the-words"
1503847547444	Marionette	DEBUG	Received DOM event "pageshow" for "https://h5p.org/drag-the-words"
1503847547495	Marionette	DEBUG	Received DOM event "pageshow" for "https://h5p.org/drag-the-words"
1503847550066	Marionette	DEBUG	Canceled page load listener because no navigation has been detected
1503847550133	Marionette	INFO	New connections will no longer be accepted
1503847874269	geckodriver	INFO	geckodriver 0.18.0
1503847874276	geckodriver	INFO	Listening on 127.0.0.1:64587
1503847875333	geckodriver::marionette	INFO	Starting browser /Applications/Firefox.app/Contents/MacOS/firefox-bin with args ["-marionette"]
1503847875634	addons.xpi	WARN	Error parsing extensions state: [Exception... "Component returned failure code: 0x80520012 (NS_ERROR_FILE_NOT_FOUND) [amIAddonManagerStartup.readStartupData]"  nsresult: "0x80520012 (NS_ERROR_FILE_NOT_FOUND)"  location: "JS frame :: resource://gre/modules/addons/XPIProvider.jsm :: loadExtensionState :: line 1596"  data: no] Stack trace: loadExtensionState()@resource://gre/modules/addons/XPIProvider.jsm:1596 < getInstallState()@resource://gre/modules/addons/XPIProvider.jsm:1631 < checkForChanges()@resource://gre/modules/addons/XPIProvider.jsm:3152 < startup()@resource://gre/modules/addons/XPIProvider.jsm:2246 < callProvider()@resource://gre/modules/AddonManager.jsm:271 < _startProvider()@resource://gre/modules/AddonManager.jsm:741 < startup()@resource://gre/modules/AddonManager.jsm:908 < startup()@resource://gre/modules/AddonManager.jsm:3122 < observe()@jar:file:///Applications/Firefox.app/Contents/Resources/omni.ja!/components/addonManager.js:65
1503847875960	Marionette	INFO	Enabled via --marionette
2017-08-27 17:31:17.288 plugin-container[19316:8524958] *** CFMessagePort: bootstrap_register(): failed 1100 (0x44c) 'Permission denied', port = 0x9e3b, name = 'com.apple.tsm.portname'
See /usr/include/servers/bootstrap_defs.h for the error codes.
2017-08-27 17:31:17.288 plugin-container[19316:8524958] *** CFMessagePort: bootstrap_register(): failed 1100 (0x44c) 'Permission denied', port = 0xa103, name = 'com.apple.CFPasteboardClient'
See /usr/include/servers/bootstrap_defs.h for the error codes.
1503847877460	Marionette	INFO	Listening on port 64596
JavaScript error: chrome://marionette/content/server.js, line 337: NS_ERROR_SOCKET_ADDRESS_IN_USE: Component returned failure code: 0x804b0036 (NS_ERROR_SOCKET_ADDRESS_IN_USE) [nsIServerSocket.initSpecialConnection]
1503847877534	Marionette	WARN	TLS certificate errors will be ignored for this session
1503847877568	Marionette	DEBUG	loaded listener.js
1503847877583	Marionette	DEBUG	Received DOM event "beforeunload" for "about:blank"
1503847878724	Marionette	DEBUG	Received DOM event "pagehide" for "about:blank"
1503847878724	Marionette	DEBUG	Received DOM event "unload" for "about:blank"
1503847879400	Marionette	DEBUG	Received DOM event "pageshow" for "https://h5p.org/drag-the-words"
1503847879407	Marionette	DEBUG	Received DOM event "DOMContentLoaded" for "https://h5p.org/drag-the-words"
1503847879439	Marionette	DEBUG	Received DOM event "DOMContentLoaded" for "https://h5p.org/drag-the-words"
1503847879613	Marionette	DEBUG	Received DOM event "pageshow" for "https://h5p.org/drag-the-words"
1503847879745	Marionette	DEBUG	Received DOM event "pageshow" for "https://h5p.org/drag-the-words"
1503847880034	Marionette	DEBUG	Received DOM event "DOMContentLoaded" for "https://platform.twitter.com/widgets/tweet_button.f8c8d971a6ac545cf416e3c1ad4bbc65.en.html#dnt=false&id=twitter-widget-0&lang=en&original_referer=https%3A%2F%2Fh5p.org%2Fdrag-the-words&size=m&text=Drag%20the%20Words%20%7C%20H5P&time=1503847879718&type=share&url=https%3A%2F%2Fh5p.org%2Fdrag-the-words"
1503847880038	Marionette	DEBUG	Received DOM event "pageshow" for "https://platform.twitter.com/widgets/tweet_button.f8c8d971a6ac545cf416e3c1ad4bbc65.en.html#dnt=false&id=twitter-widget-0&lang=en&original_referer=https%3A%2F%2Fh5p.org%2Fdrag-the-words&size=m&text=Drag%20the%20Words%20%7C%20H5P&time=1503847879718&type=share&url=https%3A%2F%2Fh5p.org%2Fdrag-the-words"
1503847880043	Marionette	DEBUG	Received DOM event "DOMContentLoaded" for "https://staticxx.facebook.com/connect/xd_arbiter/r/0sTQzbapM8j.js?version=42#channel=f1ce509e74622f2&origin=https%3A%2F%2Fh5p.org"
1503847880044	Marionette	DEBUG	Received DOM event "pageshow" for "https://staticxx.facebook.com/connect/xd_arbiter/r/0sTQzbapM8j.js?version=42#channel=f1ce509e74622f2&origin=https%3A%2F%2Fh5p.org"
1503847880045	Marionette	DEBUG	Received DOM event "DOMContentLoaded" for "https://vars.hotjar.com/rcj-99d43ead6bdf30da8ed5ffcb4f17100c.html"
1503847880046	Marionette	DEBUG	Received DOM event "pageshow" for "https://vars.hotjar.com/rcj-99d43ead6bdf30da8ed5ffcb4f17100c.html"
1503847880172	Marionette	DEBUG	Received DOM event "DOMContentLoaded" for "https://h5p.org/drag-the-words"
1503847880334	Marionette	DEBUG	Received DOM event "pageshow" for "https://h5p.org/drag-the-words"
1503847880726	Marionette	DEBUG	Received DOM event "pageshow" for "https://h5p.org/drag-the-words"
1503847880775	Marionette	DEBUG	Received DOM event "pageshow" for "https://h5p.org/drag-the-words"
1503847883104	Marionette	DEBUG	Canceled page load listener because no navigation has been detected
1503847883177	Marionette	INFO	New connections will no longer be accepted
1503848962701	geckodriver	INFO	geckodriver 0.18.0
1503848962707	geckodriver	INFO	Listening on 127.0.0.1:64921
1503848963782	geckodriver::marionette	INFO	Starting browser /Applications/Firefox.app/Contents/MacOS/firefox-bin with args ["-marionette"]
1503848964116	addons.xpi	WARN	Error parsing extensions state: [Exception... "Component returned failure code: 0x80520012 (NS_ERROR_FILE_NOT_FOUND) [amIAddonManagerStartup.readStartupData]"  nsresult: "0x80520012 (NS_ERROR_FILE_NOT_FOUND)"  location: "JS frame :: resource://gre/modules/addons/XPIProvider.jsm :: loadExtensionState :: line 1596"  data: no] Stack trace: loadExtensionState()@resource://gre/modules/addons/XPIProvider.jsm:1596 < getInstallState()@resource://gre/modules/addons/XPIProvider.jsm:1631 < checkForChanges()@resource://gre/modules/addons/XPIProvider.jsm:3152 < startup()@resource://gre/modules/addons/XPIProvider.jsm:2246 < callProvider()@resource://gre/modules/AddonManager.jsm:271 < _startProvider()@resource://gre/modules/AddonManager.jsm:741 < startup()@resource://gre/modules/AddonManager.jsm:908 < startup()@resource://gre/modules/AddonManager.jsm:3122 < observe()@jar:file:///Applications/Firefox.app/Contents/Resources/omni.ja!/components/addonManager.js:65
1503848964455	Marionette	INFO	Enabled via --marionette
2017-08-27 17:49:25.721 plugin-container[19701:8536265] *** CFMessagePort: bootstrap_register(): failed 1100 (0x44c) 'Permission denied', port = 0x9e3b, name = 'com.apple.tsm.portname'
See /usr/include/servers/bootstrap_defs.h for the error codes.
2017-08-27 17:49:25.726 plugin-container[19701:8536265] *** CFMessagePort: bootstrap_register(): failed 1100 (0x44c) 'Permission denied', port = 0xa203, name = 'com.apple.CFPasteboardClient'
See /usr/include/servers/bootstrap_defs.h for the error codes.
1503848966064	Marionette	INFO	Listening on port 64930
JavaScript error: chrome://marionette/content/server.js, line 337: NS_ERROR_SOCKET_ADDRESS_IN_USE: Component returned failure code: 0x804b0036 (NS_ERROR_SOCKET_ADDRESS_IN_USE) [nsIServerSocket.initSpecialConnection]
1503848966097	Marionette	WARN	TLS certificate errors will be ignored for this session
1503848966129	Marionette	DEBUG	loaded listener.js
1503848966143	Marionette	DEBUG	Received DOM event "beforeunload" for "about:blank"
1503848967317	Marionette	DEBUG	Received DOM event "pagehide" for "about:blank"
1503848967317	Marionette	DEBUG	Received DOM event "unload" for "about:blank"
1503848967971	Marionette	DEBUG	Received DOM event "pageshow" for "https://h5p.org/drag-the-words"
1503848967978	Marionette	DEBUG	Received DOM event "DOMContentLoaded" for "https://h5p.org/drag-the-words"
1503848968035	Marionette	DEBUG	Received DOM event "DOMContentLoaded" for "https://h5p.org/drag-the-words"
1503848968396	Marionette	DEBUG	Received DOM event "DOMContentLoaded" for "https://vars.hotjar.com/rcj-99d43ead6bdf30da8ed5ffcb4f17100c.html"
1503848968400	Marionette	DEBUG	Received DOM event "pageshow" for "https://vars.hotjar.com/rcj-99d43ead6bdf30da8ed5ffcb4f17100c.html"
1503848968471	Marionette	DEBUG	Received DOM event "pageshow" for "https://h5p.org/drag-the-words"
1503848968649	Marionette	DEBUG	Received DOM event "pageshow" for "https://h5p.org/drag-the-words"
1503848968657	Marionette	DEBUG	Received DOM event "DOMContentLoaded" for "https://platform.twitter.com/widgets/tweet_button.f8c8d971a6ac545cf416e3c1ad4bbc65.en.html#dnt=false&id=twitter-widget-0&lang=en&original_referer=https%3A%2F%2Fh5p.org%2Fdrag-the-words&size=m&text=Drag%20the%20Words%20%7C%20H5P&time=1503848968465&type=share&url=https%3A%2F%2Fh5p.org%2Fdrag-the-words"
1503848968659	Marionette	DEBUG	Received DOM event "pageshow" for "https://platform.twitter.com/widgets/tweet_button.f8c8d971a6ac545cf416e3c1ad4bbc65.en.html#dnt=false&id=twitter-widget-0&lang=en&original_referer=https%3A%2F%2Fh5p.org%2Fdrag-the-words&size=m&text=Drag%20the%20Words%20%7C%20H5P&time=1503848968465&type=share&url=https%3A%2F%2Fh5p.org%2Fdrag-the-words"
1503848968771	Marionette	DEBUG	Received DOM event "DOMContentLoaded" for "https://staticxx.facebook.com/connect/xd_arbiter/r/0sTQzbapM8j.js?version=42#channel=f8945e2ee00244&origin=https%3A%2F%2Fh5p.org"
1503848968773	Marionette	DEBUG	Received DOM event "pageshow" for "https://staticxx.facebook.com/connect/xd_arbiter/r/0sTQzbapM8j.js?version=42#channel=f8945e2ee00244&origin=https%3A%2F%2Fh5p.org"
1503848968865	Marionette	DEBUG	Received DOM event "DOMContentLoaded" for "https://h5p.org/drag-the-words"
1503848969022	Marionette	DEBUG	Received DOM event "pageshow" for "https://h5p.org/drag-the-words"
1503848969364	Marionette	DEBUG	Received DOM event "pageshow" for "https://h5p.org/drag-the-words"
1503848969412	Marionette	DEBUG	Received DOM event "pageshow" for "https://h5p.org/drag-the-words"
1503848971982	Marionette	DEBUG	Canceled page load listener because no navigation has been detected
1503848972073	Marionette	INFO	New connections will no longer be accepted
1503849004756	geckodriver	INFO	geckodriver 0.18.0
1503849004762	geckodriver	INFO	Listening on 127.0.0.1:65039
1503849005818	geckodriver::marionette	INFO	Starting browser /Applications/Firefox.app/Contents/MacOS/firefox-bin with args ["-marionette"]
1503849006056	addons.xpi	WARN	Error parsing extensions state: [Exception... "Component returned failure code: 0x80520012 (NS_ERROR_FILE_NOT_FOUND) [amIAddonManagerStartup.readStartupData]"  nsresult: "0x80520012 (NS_ERROR_FILE_NOT_FOUND)"  location: "JS frame :: resource://gre/modules/addons/XPIProvider.jsm :: loadExtensionState :: line 1596"  data: no] Stack trace: loadExtensionState()@resource://gre/modules/addons/XPIProvider.jsm:1596 < getInstallState()@resource://gre/modules/addons/XPIProvider.jsm:1631 < checkForChanges()@resource://gre/modules/addons/XPIProvider.jsm:3152 < startup()@resource://gre/modules/addons/XPIProvider.jsm:2246 < callProvider()@resource://gre/modules/AddonManager.jsm:271 < _startProvider()@resource://gre/modules/AddonManager.jsm:741 < startup()@resource://gre/modules/AddonManager.jsm:908 < startup()@resource://gre/modules/AddonManager.jsm:3122 < observe()@jar:file:///Applications/Firefox.app/Contents/Resources/omni.ja!/components/addonManager.js:65
1503849006352	Marionette	INFO	Enabled via --marionette
2017-08-27 17:50:07.606 plugin-container[19736:8536925] *** CFMessagePort: bootstrap_register(): failed 1100 (0x44c) 'Permission denied', port = 0x9e2f, name = 'com.apple.tsm.portname'
See /usr/include/servers/bootstrap_defs.h for the error codes.
2017-08-27 17:50:07.606 plugin-container[19736:8536925] *** CFMessagePort: bootstrap_register(): failed 1100 (0x44c) 'Permission denied', port = 0xa103, name = 'com.apple.CFPasteboardClient'
See /usr/include/servers/bootstrap_defs.h for the error codes.
1503849007810	Marionette	INFO	Listening on port 65048
JavaScript error: chrome://marionette/content/server.js, line 337: NS_ERROR_SOCKET_ADDRESS_IN_USE: Component returned failure code: 0x804b0036 (NS_ERROR_SOCKET_ADDRESS_IN_USE) [nsIServerSocket.initSpecialConnection]
1503849007918	Marionette	WARN	TLS certificate errors will be ignored for this session
1503849007958	Marionette	DEBUG	loaded listener.js
1503849007976	Marionette	DEBUG	Received DOM event "beforeunload" for "about:blank"
1503849009213	Marionette	DEBUG	Received DOM event "pagehide" for "about:blank"
1503849009213	Marionette	DEBUG	Received DOM event "unload" for "about:blank"
1503849010342	Marionette	DEBUG	Received DOM event "pageshow" for "https://h5p.org/drag-the-words"
1503849010348	Marionette	DEBUG	Received DOM event "DOMContentLoaded" for "https://h5p.org/drag-the-words"
1503849010385	Marionette	DEBUG	Received DOM event "DOMContentLoaded" for "https://h5p.org/drag-the-words"
1503849010949	Marionette	DEBUG	Received DOM event "pageshow" for "https://h5p.org/drag-the-words"
1503849011158	Marionette	DEBUG	Received DOM event "pageshow" for "https://h5p.org/drag-the-words"
1503849011211	Marionette	DEBUG	Received DOM event "DOMContentLoaded" for "https://h5p.org/drag-the-words"
1503849011212	Marionette	DEBUG	Received DOM event "DOMContentLoaded" for "https://staticxx.facebook.com/connect/xd_arbiter/r/0sTQzbapM8j.js?version=42#channel=f1128fd9df6a09&origin=https%3A%2F%2Fh5p.org"
1503849011214	Marionette	DEBUG	Received DOM event "pageshow" for "https://staticxx.facebook.com/connect/xd_arbiter/r/0sTQzbapM8j.js?version=42#channel=f1128fd9df6a09&origin=https%3A%2F%2Fh5p.org"
1503849011392	Marionette	DEBUG	Received DOM event "pageshow" for "https://h5p.org/drag-the-words"
1503849011437	Marionette	DEBUG	Received DOM event "DOMContentLoaded" for "https://vars.hotjar.com/rcj-99d43ead6bdf30da8ed5ffcb4f17100c.html"
1503849011438	Marionette	DEBUG	Received DOM event "pageshow" for "https://vars.hotjar.com/rcj-99d43ead6bdf30da8ed5ffcb4f17100c.html"
1503849011449	Marionette	DEBUG	Received DOM event "DOMContentLoaded" for "https://platform.twitter.com/widgets/tweet_button.f8c8d971a6ac545cf416e3c1ad4bbc65.en.html#dnt=false&id=twitter-widget-0&lang=en&original_referer=https%3A%2F%2Fh5p.org%2Fdrag-the-words&size=m&text=Drag%20the%20Words%20%7C%20H5P&time=1503849011151&type=share&url=https%3A%2F%2Fh5p.org%2Fdrag-the-words"
1503849011450	Marionette	DEBUG	Received DOM event "pageshow" for "https://platform.twitter.com/widgets/tweet_button.f8c8d971a6ac545cf416e3c1ad4bbc65.en.html#dnt=false&id=twitter-widget-0&lang=en&original_referer=https%3A%2F%2Fh5p.org%2Fdrag-the-words&size=m&text=Drag%20the%20Words%20%7C%20H5P&time=1503849011151&type=share&url=https%3A%2F%2Fh5p.org%2Fdrag-the-words"
1503849011484	Marionette	DEBUG	Received DOM event "pageshow" for "https://h5p.org/drag-the-words"
1503849011530	Marionette	DEBUG	Received DOM event "pageshow" for "https://h5p.org/drag-the-words"
1503849013893	Marionette	DEBUG	Canceled page load listener because no navigation has been detected
1503849013957	Marionette	INFO	New connections will no longer be accepted
